#
# There is insufficient memory for the Java Runtime Environment to continue.
# Native memory allocation (mmap) failed to map 134217728 bytes for Failed to commit area from 0x0000000081e00000 to 0x0000000089e00000 of length 134217728.
# Possible reasons:
#   The system is out of physical RAM or swap space
#   The process is running with CompressedOops enabled, and the Java Heap may be blocking the growth of the native heap
# Possible solutions:
#   Reduce memory load on the system
#   Increase physical memory or swap space
#   Check if swap backing store is full
#   Decrease Java heap size (-Xmx/-Xms)
#   Decrease number of Java threads
#   Decrease Java thread stack sizes (-Xss)
#   Set larger code cache with -XX:ReservedCodeCacheSize=
# This output file may be truncated or incomplete.
#
#  Out of Memory Error (t:/workspace/open/src/hotspot/os/windows/os_windows.cpp:3271), pid=15188, tid=10260
#
# JRE version:  (11.0.6+8) (build )
# Java VM: Java HotSpot(TM) 64-Bit Server VM (11.0.6+8-LTS, mixed mode, sharing, tiered, compressed oops, g1 gc, windows-amd64)
# No core dump will be written. Minidumps are not enabled by default on client versions of Windows
#

---------------  S U M M A R Y ------------

Command Line: -Dfile.encoding=UTF-8 --module-path=C:\Users\Romeo Mbende\Documents\NetBeansProjects\ProjetApi\build\classes Gestion.GestTourOperator

Host: Intel(R) Core(TM) i3-3110M CPU @ 2.40GHz, 4 cores, 7G,  Windows 10 , 64 bit Build 18362 (10.0.18362.778)
Time: Wed May 27 23:22:22 2020 Paris, Madrid (heure d?été) elapsed time: 0 seconds (0d 0h 0m 0s)

---------------  T H R E A D  ---------------

Current thread (0x00000140129b4000):  JavaThread "Unknown thread" [_thread_in_vm, id=10260, stack(0x0000003b5b100000,0x0000003b5b200000)]

Stack: [0x0000003b5b100000,0x0000003b5b200000]
Native frames: (J=compiled Java code, j=interpreted, Vv=VM code, C=native code)
V  [jvm.dll+0x63679a]
V  [jvm.dll+0x7755bf]
V  [jvm.dll+0x776c65]
V  [jvm.dll+0x7772d3]
V  [jvm.dll+0x25e7f8]
V  [jvm.dll+0x633c4a]
V  [jvm.dll+0x628625]
V  [jvm.dll+0x314a7c]
V  [jvm.dll+0x314902]
V  [jvm.dll+0x31a176]
V  [jvm.dll+0x36650f]
V  [jvm.dll+0x365f30]
V  [jvm.dll+0x2f1a78]
V  [jvm.dll+0x2f2bf6]
V  [jvm.dll+0x74e707]
V  [jvm.dll+0x74fe7f]
V  [jvm.dll+0x373349]
V  [jvm.dll+0x734e5e]
V  [jvm.dll+0x3e2b5d]
V  [jvm.dll+0x3e4ef1]
C  [java.exe+0x3607]
C  [java.exe+0x178dc]
C  [KERNEL32.DLL+0x17bd4]
C  [ntdll.dll+0x6ce51]


---------------  P R O C E S S  ---------------

Threads class SMR info:
_java_thread_list=0x00000140107b6a20, length=0, elements={
}

Java Threads: ( => current thread )

Other Threads:
  0x00000140129c8000 GCTaskThread "GC Thread#0" [stack: 0x0000003b5b200000,0x0000003b5b300000] [id=17632]
  0x00000140129fa000 ConcurrentGCThread "G1 Main Marker" [stack: 0x0000003b5b300000,0x0000003b5b400000] [id=32264]
  0x00000140129fd800 ConcurrentGCThread "G1 Conc#0" [stack: 0x0000003b5b400000,0x0000003b5b500000] [id=9884]

[error occurred during error reporting (printing all threads), id 0xc0000005, EXCEPTION_ACCESS_VIOLATION (0xc0000005) at pc=0x00007ffac50b0207]

VM state:not at safepoint (not fully initialized)

VM Mutex/Monitor currently owned by a thread:  ([mutex/lock_event])
[0x00000140129b0360] Heap_lock - owner thread: 0x00000140129b4000

Heap address: 0x0000000081e00000, size: 2018 MB, Compressed Oops mode: Non-zero based: 0x0000000081e00000
Narrow klass base: 0x0000000000000000, Narrow klass shift: 0

GC Heap History (0 events):
No events

Deoptimization events (0 events):
No events

Classes redefined (0 events):
No events

Internal exceptions (0 events):
No events

Events (0 events):
No events


Dynamic libraries:
0x00007ff64b5c0000 - 0x00007ff64b607000 	C:\Program Files\Java\jdk-11.0.6\bin\java.exe
0x00007ffb054e0000 - 0x00007ffb056d0000 	C:\WINDOWS\SYSTEM32\ntdll.dll
0x00007ffb04f10000 - 0x00007ffb04fc2000 	C:\WINDOWS\System32\KERNEL32.DLL
0x00007ffb02c10000 - 0x00007ffb02eb4000 	C:\WINDOWS\System32\KERNELBASE.dll
0x00007ffb049e0000 - 0x00007ffb04a83000 	C:\WINDOWS\System32\ADVAPI32.dll
0x00007ffb03670000 - 0x00007ffb0370e000 	C:\WINDOWS\System32\msvcrt.dll
0x00007ffb037a0000 - 0x00007ffb03837000 	C:\WINDOWS\System32\sechost.dll
0x00007ffb05380000 - 0x00007ffb054a0000 	C:\WINDOWS\System32\RPCRT4.dll
0x00007ffb04d70000 - 0x00007ffb04f04000 	C:\WINDOWS\System32\USER32.dll
0x00007ffb03300000 - 0x00007ffb03321000 	C:\WINDOWS\System32\win32u.dll
0x00007ffb03da0000 - 0x00007ffb03dc6000 	C:\WINDOWS\System32\GDI32.dll
0x00007ffb03100000 - 0x00007ffb03294000 	C:\WINDOWS\System32\gdi32full.dll
0x00007ffb03060000 - 0x00007ffb030fe000 	C:\WINDOWS\System32\msvcp_win.dll
0x00007ffb03330000 - 0x00007ffb0342a000 	C:\WINDOWS\System32\ucrtbase.dll
0x00007ffaf3000000 - 0x00007ffaf3284000 	C:\WINDOWS\WinSxS\amd64_microsoft.windows.common-controls_6595b64144ccf1df_6.0.18362.836_none_e6c4b943130f18ed\COMCTL32.dll
0x00007ffaf7150000 - 0x00007ffaf715a000 	C:\WINDOWS\SYSTEM32\VERSION.dll
0x00007ffb03840000 - 0x00007ffb03b76000 	C:\WINDOWS\System32\combase.dll
0x00007ffb03430000 - 0x00007ffb034b0000 	C:\WINDOWS\System32\bcryptPrimitives.dll
0x00007ffb04c40000 - 0x00007ffb04c6e000 	C:\WINDOWS\System32\IMM32.DLL
0x00007ffafd790000 - 0x00007ffafd7a6000 	C:\Program Files\Java\jdk-11.0.6\bin\vcruntime140.dll
0x00007ffac7e30000 - 0x00007ffac7eda000 	C:\Program Files\Java\jdk-11.0.6\bin\msvcp140.dll
0x00007ffac4db0000 - 0x00007ffac58d9000 	C:\Program Files\Java\jdk-11.0.6\bin\server\jvm.dll
0x00007ffb03660000 - 0x00007ffb03668000 	C:\WINDOWS\System32\PSAPI.DLL
0x00007ffafa3b0000 - 0x00007ffafa3b9000 	C:\WINDOWS\SYSTEM32\WSOCK32.dll
0x00007ffaeee30000 - 0x00007ffaeee54000 	C:\WINDOWS\SYSTEM32\WINMM.dll
0x00007ffb04c80000 - 0x00007ffb04cef000 	C:\WINDOWS\System32\WS2_32.dll
0x00007ffaef7c0000 - 0x00007ffaef7ed000 	C:\WINDOWS\SYSTEM32\WINMMBASE.dll
0x00007ffb03010000 - 0x00007ffb0305a000 	C:\WINDOWS\System32\cfgmgr32.dll
0x00007ffb023e0000 - 0x00007ffb023f1000 	C:\WINDOWS\System32\kernel.appcore.dll
0x00007ffaeec30000 - 0x00007ffaeec41000 	C:\Program Files\Java\jdk-11.0.6\bin\verify.dll
0x00007ffafa1b0000 - 0x00007ffafa3a4000 	C:\WINDOWS\SYSTEM32\DBGHELP.DLL
0x00007ffafabd0000 - 0x00007ffafabfa000 	C:\WINDOWS\SYSTEM32\dbgcore.DLL
0x00007ffae1860000 - 0x00007ffae1889000 	C:\Program Files\Java\jdk-11.0.6\bin\java.dll
0x00007ffae7110000 - 0x00007ffae7126000 	C:\Program Files\Java\jdk-11.0.6\bin\zip.dll
0x00007ffaf9880000 - 0x00007ffaf988a000 	C:\Program Files\Java\jdk-11.0.6\bin\jimage.dll

dbghelp: loaded successfully - version: 4.0.5 - missing functions: none
symbol engine: initialized successfully - sym options: 0x614 - pdb path: .;C:\Program Files\Java\jdk-11.0.6\bin;C:\WINDOWS\SYSTEM32;C:\WINDOWS\WinSxS\amd64_microsoft.windows.common-controls_6595b64144ccf1df_6.0.18362.836_none_e6c4b943130f18ed;C:\Program Files\Java\jdk-11.0.6\bin\server

VM Arguments:
jvm_args: -Dfile.encoding=UTF-8 --module-path=C:\Users\Romeo Mbende\Documents\NetBeansProjects\ProjetApi\build\classes 
java_command: Gestion.GestTourOperator
java_class_path (initial): C:\Users\Romeo Mbende\Downloads\Pilote JDBC-ORACLE\ojdbc8.jar;C:\Users\Romeo Mbende\Documents\NetBeansProjects\ProjetApi\build\classes
Launcher Type: SUN_STANDARD

[Global flags]
     intx CICompilerCount                          = 3                                         {product} {ergonomic}
     uint ConcGCThreads                            = 1                                         {product} {ergonomic}
     uint G1ConcRefinementThreads                  = 4                                         {product} {ergonomic}
   size_t G1HeapRegionSize                         = 1048576                                   {product} {ergonomic}
    uintx GCDrainStackTargetSize                   = 64                                        {product} {ergonomic}
   size_t InitialHeapSize                          = 134217728                                 {product} {ergonomic}
   size_t MarkStackSize                            = 4194304                                   {product} {ergonomic}
   size_t MaxHeapSize                              = 2116026368                                {product} {ergonomic}
   size_t MinHeapDeltaBytes                        = 1048576                                   {product} {ergonomic}
    uintx NonNMethodCodeHeapSize                   = 5830732                                {pd product} {ergonomic}
    uintx NonProfiledCodeHeapSize                  = 122913754                              {pd product} {ergonomic}
    uintx ProfiledCodeHeapSize                     = 122913754                              {pd product} {ergonomic}
    uintx ReservedCodeCacheSize                    = 251658240                              {pd product} {ergonomic}
     bool SegmentedCodeCache                       = true                                      {product} {ergonomic}
     bool UseCompressedClassPointers               = true                                 {lp64_product} {ergonomic}
     bool UseCompressedOops                        = true                                 {lp64_product} {ergonomic}
     bool UseG1GC                                  = true                                      {product} {ergonomic}
     bool UseLargePagesIndividualAllocation        = false                                  {pd product} {ergonomic}

Logging:
Log output configuration:
 #0: stdout all=warning uptime,level,tags
 #1: stderr all=off uptime,level,tags

Environment Variables:
PATH=C:\Program Files (x86)\Common Files\Oracle\Java\javapath;C:\WINDOWS\system32;C:\WINDOWS;C:\WINDOWS\System32\Wbem;C:\WINDOWS\System32\WindowsPowerShell\v1.0\;C:\PostgreSQL\pg10\bin;C:\WINDOWS\System32\OpenSSH\;C:\Program Files\Git\cmd;C:\Users\Romeo Mbende\AppData\Local\Microsoft\WindowsApps;
USERNAME=Romeo Mbende
OS=Windows_NT
PROCESSOR_IDENTIFIER=Intel64 Family 6 Model 58 Stepping 9, GenuineIntel



---------------  S Y S T E M  ---------------

OS: Windows 10 , 64 bit Build 18362 (10.0.18362.778)

CPU:total 4 (initial active 4) (2 cores per cpu, 2 threads per core) family 6 model 58 stepping 9, cmov, cx8, fxsr, mmx, sse, sse2, sse3, ssse3, sse4.1, sse4.2, popcnt, avx, clmul, erms, ht, tsc, tscinvbit, tscinv

Memory: 4k page, system-wide physical 8070M (2114M free)
TotalPageFile size 32646M (AvailPageFile size 43M)
current process WorkingSet (physical memory assigned to process): 9M, peak: 9M
current process commit charge ("private bytes"): 51M, peak: 179M

vm_info: Java HotSpot(TM) 64-Bit Server VM (11.0.6+8-LTS) for windows-amd64 JRE (11.0.6+8-LTS), built on Dec 11 2019 09:17:57 by "mach5one" with MS VC++ 15.5 (VS2017)

END.
